<?xml version="1.0" encoding="UTF-8"?>
<!-- Generated by org.testng.reporters.JUnitReportReporter -->
<testsuite hostname="DESKTOP-U157J2R" failures="0" tests="2" name="runner.TestNGTestRunner" time="11.196" errors="0" timestamp="2025-02-06T18:53:49 CET" skipped="0">
  <testcase classname="runner.TestNGTestRunner" name="runScenario" time="6.715"/>
  <testcase classname="runner.TestNGTestRunner" name="runScenario" time="4.481"/>
</testsuite> <!-- runner.TestNGTestRunner -->
