<?xml version="1.0" encoding="UTF-8"?>
<!-- Generated by org.testng.reporters.JUnitReportReporter -->
<testsuite hostname="DESKTOP-U157J2R" failures="0" tests="2" name="runner.RunnerTest" time="12.732" errors="0" timestamp="2025-02-10T22:37:54 CET" skipped="0">
  <testcase classname="runner.RunnerTest" name="runScenario" time="6.587"/>
  <testcase classname="runner.RunnerTest" name="runScenario" time="6.145"/>
</testsuite> <!-- runner.RunnerTest -->
